[2017.01.18-06.58.16:547][  0]Log file open, 01/18/17 15:58:16
[2017.01.18-06.58.16:547][  0]LogInit:Display: Running engine for game: MyProject6
[2017.01.18-06.58.16:547][  0]LogPlatformFile: Not using cached read wrapper
[2017.01.18-06.58.16:547][  0]LogInit:Display: RandInit(341848783) SRandInit(341848784).
[2017.01.18-06.58.16:547][  0]LogTaskGraph: Started task graph with 4 named threads and 5 total threads.
[2017.01.18-06.58.16:547][  0]LogStats: Stats thread started at 0.088451
[2017.01.18-06.58.16:547][  0]LogInit: Version: 4.10.4-2872498+++depot+UE4-Releases+4.10
[2017.01.18-06.58.16:547][  0]LogInit: API Version: 2758231
[2017.01.18-06.58.16:547][  0]LogInit: Compiled (64-bit): Feb 18 2016 15:47:04
[2017.01.18-06.58.16:547][  0]LogInit: Compiled with Visual C++: 19.00.23026.00
[2017.01.18-06.58.16:547][  0]LogInit: Build Configuration: Development
[2017.01.18-06.58.16:547][  0]LogInit: Branch Name: ++depot+UE4-Releases+4.10
[2017.01.18-06.58.16:547][  0]LogInit: Command line: 
[2017.01.18-06.58.16:548][  0]LogInit: Base directory: C:/Users/尚輝/Documents/4.10/Engine/Binaries/Win64/
[2017.01.18-06.58.16:548][  0]LogInit: Rocket: 1
[2017.01.18-06.58.16:608][  0]LogInit: Using libcurl 7.41.0
[2017.01.18-06.58.16:608][  0]LogInit:  - built for x86_64-pc-win32
[2017.01.18-06.58.16:608][  0]LogInit:  - supports SSL with WinSSL
[2017.01.18-06.58.16:608][  0]LogInit:  - other features:
[2017.01.18-06.58.16:608][  0]LogInit:      CURL_VERSION_SSL
[2017.01.18-06.58.16:608][  0]LogInit:      CURL_VERSION_IPV6
[2017.01.18-06.58.16:608][  0]LogInit:      CURL_VERSION_ASYNCHDNS
[2017.01.18-06.58.16:608][  0]LogInit:      CURL_VERSION_LARGEFILE
[2017.01.18-06.58.16:608][  0]LogInit:      CURL_VERSION_IDN
[2017.01.18-06.58.16:608][  0]LogInit:  CurlRequestOptions (configurable via config and command line):
[2017.01.18-06.58.16:608][  0]LogInit:  - bVerifyPeer = true  - Libcurl will verify peer certificate
[2017.01.18-06.58.16:608][  0]LogInit:  - bUseHttpProxy = false  - Libcurl will NOT use HTTP proxy
[2017.01.18-06.58.16:608][  0]LogInit:  - bDontReuseConnections = false  - Libcurl will reuse connections
[2017.01.18-06.58.16:608][  0]LogInit:  - CertBundlePath = nullptr  - Libcurl will use whatever was configured at build time.
[2017.01.18-06.58.16:679][  0]LogInit: Presizing for 0 objects not considered by GC, pre-allocating 0 bytes.
[2017.01.18-06.58.16:695][  0]LogInit: Object subsystem initialized
[2017.01.18-06.58.16:697][  0]LogInit: Selected Device Profile: [Windows]
[2017.01.18-06.58.16:697][  0]LogInit: Applying CVar settings loaded from the selected device profile: [Windows]
[2017.01.18-06.58.16:720][  0]LogInit: Computer: LAVIEZ
[2017.01.18-06.58.16:720][  0]LogInit: User: 尚輝
[2017.01.18-06.58.16:720][  0]LogInit: CPU Page size=4096, Cores=2
[2017.01.18-06.58.16:720][  0]LogInit: High frequency timer resolution =2.435881 MHz
[2017.01.18-06.58.16:720][  0]LogMemory: Memory total: Physical=3.9GB (4GB approx)
[2017.01.18-06.58.16:721][  0]LogMemory: Platform Memory Stats for Windows
[2017.01.18-06.58.16:721][  0]LogMemory: Process Physical Memory: 59.16 MB used, 59.16 MB peak
[2017.01.18-06.58.16:721][  0]LogMemory: Process Virtual Memory: 57.79 MB used, 57.79 MB peak
[2017.01.18-06.58.16:721][  0]LogMemory: Physical Memory: 2101.51 MB used, 3983.91 MB total
[2017.01.18-06.58.16:721][  0]LogMemory: Virtual Memory: 410.22 MB used, 134217728.00 MB total
[2017.01.18-06.58.17:097][  0]LogTextLocalizationManager: No specific translations for ('ja-JP') exist, so ('ja') translations will be used.
[2017.01.18-06.58.17:304][  0]LogTextLocalizationManager:Warning: Loaded localization resources contain conflicting entries for (Namespace:K2Node, Key:false):
Localization Resource: (C:/Users/尚輝/Documents/4.10/Engine/Content/Localization/EditorTutorials/ja/EditorTutorials.locres) Source String Hash: (816077464) Localized String: (偽)
Localization Resource: (C:/Users/尚輝/Documents/4.10/Engine/Content/Localization/Engine/ja/Engine.locres) Source String Hash: (816077464) Localized String: (false)
[2017.01.18-06.58.17:305][  0]LogTextLocalizationManager:Warning: Loaded localization resources contain conflicting entries for (Namespace:K2Node, Key:true):
Localization Resource: (C:/Users/尚輝/Documents/4.10/Engine/Content/Localization/EditorTutorials/ja/EditorTutorials.locres) Source String Hash: (-942328987) Localized String: (真)
Localization Resource: (C:/Users/尚輝/Documents/4.10/Engine/Content/Localization/Engine/ja/Engine.locres) Source String Hash: (-942328987) Localized String: (true)
[2017.01.18-06.58.17:305][  0]LogTextLocalizationManager:Warning: Loaded localization resources contain conflicting entries for (Namespace:UObjectToolTips, Key:AnimNode_BlendSpacePlayer:bLoop):
Localization Resource: (C:/Users/尚輝/Documents/4.10/Engine/Content/Localization/EditorTutorials/ja/EditorTutorials.locres) Source String Hash: (2133979316) Localized String: (再生が最後まで終わった後、ロープ再生するようにしますか？)
Localization Resource: (C:/Users/尚輝/Documents/4.10/Engine/Content/Localization/ToolTips/ja/ToolTips.locres) Source String Hash: (2133979316) Localized String: (ループが最後まで到達した時に、アニメーションのループを継続するべきか？)
[2017.01.18-06.58.17:305][  0]LogTextLocalizationManager:Warning: Loaded localization resources contain conflicting entries for (Namespace:UObjectToolTips, Key:AnimNode_BlendSpacePlayer:X):
Localization Resource: (C:/Users/尚輝/Documents/4.10/Engine/Content/Localization/EditorTutorials/ja/EditorTutorials.locres) Source String Hash: (2060772590) Localized String: (ブレンドスペースで値を取得するX座標)
Localization Resource: (C:/Users/尚輝/Documents/4.10/Engine/Content/Localization/ToolTips/ja/ToolTips.locres) Source String Hash: (2060772590) Localized String: (ブレンドスペースでサンプリングするX座標)
[2017.01.18-06.58.17:305][  0]LogTextLocalizationManager:Warning: Loaded localization resources contain conflicting entries for (Namespace:UObjectToolTips, Key:AnimNode_BlendSpacePlayer:Y):
Localization Resource: (C:/Users/尚輝/Documents/4.10/Engine/Content/Localization/EditorTutorials/ja/EditorTutorials.locres) Source String Hash: (-1719607538) Localized String: (ブレンドスペースで値を取得するY座標)
Localization Resource: (C:/Users/尚輝/Documents/4.10/Engine/Content/Localization/ToolTips/ja/ToolTips.locres) Source String Hash: (-1719607538) Localized String: (ブレンドスペースでサンプリングするY座標)
[2017.01.18-06.58.17:305][  0]LogTextLocalizationManager:Warning: Loaded localization resources contain conflicting entries for (Namespace:UObjectToolTips, Key:AnimNode_BlendSpacePlayer:Z):
Localization Resource: (C:/Users/尚輝/Documents/4.10/Engine/Content/Localization/EditorTutorials/ja/EditorTutorials.locres) Source String Hash: (1728943471) Localized String: (ブレンドスペースで値を取得するZ座標)
Localization Resource: (C:/Users/尚輝/Documents/4.10/Engine/Content/Localization/ToolTips/ja/ToolTips.locres) Source String Hash: (1728943471) Localized String: (ブレンドスペースでサンプリングするZ座標)
[2017.01.18-06.58.17:305][  0]LogTextLocalizationManager:Warning: Loaded localization resources contain conflicting entries for (Namespace:UObjectToolTips, Key:AnimNode_BlendSpacePlayer:BlendSpace):
Localization Resource: (C:/Users/尚輝/Documents/4.10/Engine/Content/Localization/EditorTutorials/ja/EditorTutorials.locres) Source String Hash: (1599043277) Localized String: (再生するブレンドスペースのアセット)
Localization Resource: (C:/Users/尚輝/Documents/4.10/Engine/Content/Localization/ToolTips/ja/ToolTips.locres) Source String Hash: (1599043277) Localized String: (再生するブレンド空間アセット)
[2017.01.18-06.58.17:305][  0]LogTextLocalizationManager:Warning: Loaded localization resources contain conflicting entries for (Namespace:UObjectToolTips, Key:AnimNode_StateMachine:MaxTransitionsPerFrame):
Localization Resource: (C:/Users/尚輝/Documents/4.10/Engine/Content/Localization/EditorTutorials/ja/EditorTutorials.locres) Source String Hash: (1567650430) Localized String: (このマシーンで1フレームあたりに同時に処理できるトランジションの最大数)
Localization Resource: (C:/Users/尚輝/Documents/4.10/Engine/Content/Localization/ToolTips/ja/ToolTips.locres) Source String Hash: (1567650430) Localized String: (単一フレームでマシーンが「同時」に受け取れる遷移の最大数)
[2017.01.18-06.58.17:305][  0]LogTextLocalizationManager:Warning: Loaded localization resources contain conflicting entries for (Namespace:UObjectToolTips, Key:AnimNode_BlendSpacePlayer:PlayRate):
Localization Resource: (C:/Users/尚輝/Documents/4.10/Engine/Content/Localization/EditorTutorials/ja/EditorTutorials.locres) Source String Hash: (-1274923958) Localized String: (再生速度の倍率です。負の数値も使う事ができます。その場合逆再生になります。)
Localization Resource: (C:/Users/尚輝/Documents/4.10/Engine/Content/Localization/ToolTips/ja/ToolTips.locres) Source String Hash: (-1274923958) Localized String: (再生レート乗数。アニメーションを逆再生する負の値にすることができます。)
[2017.01.18-06.58.17:652][  0]LogD3D11RHI: Found D3D11 adapter 0: Intel(R) HD Graphics 4000 (Feature Level 11_0)
[2017.01.18-06.58.17:652][  0]LogD3D11RHI: Adapter has 32MB of dedicated video memory, 0MB of dedicated system memory, and 1760MB of shared system memory, 1 output[s]
[2017.01.18-06.58.17:656][  0]LogD3D11RHI: Found D3D11 adapter 1: Microsoft Basic Render Driver (Feature Level 11_0)
[2017.01.18-06.58.17:656][  0]LogD3D11RHI: Adapter has 0MB of dedicated video memory, 0MB of dedicated system memory, and 1991MB of shared system memory, 0 output[s]
[2017.01.18-06.58.17:656][  0]LogD3D11RHI: Chosen D3D11 Adapter Id = 0
[2017.01.18-06.58.17:661][  0]LogD3D11RHI: !Direct3DDevice
[2017.01.18-06.58.17:661][  0]LogRHI: Texture pool is 638 MB (70% of 912 MB)
[2017.01.18-06.58.17:665][  0]LogD3D11RHI: Async texture creation enabled
[2017.01.18-06.58.17:671][  0]LogShaderCompilers: Guid format shader working directory is 0 characters bigger than the processId version (../../../../GitHub/proenKaiVer.2/MyProject6/Intermediate/Shaders/WorkingDirectory/5860/).
[2017.01.18-06.58.17:671][  0]LogShaderCompilers: Cleaned the shader compiler working directory 'C:/Users/尚輝/AppData/Local/Temp/UnrealShaderWorkingDir/A6F98B2F4A459C7506D1F886D520B776/'.
[2017.01.18-06.58.17:671][  0]LogShaderCompilers:Display: Using Local Shader Compiler.
[2017.01.18-06.58.19:972][  0]LogTemp:Display: Loaded TP AllDesktopTargetPlatform
[2017.01.18-06.58.19:990][  0]LogTemp:Display: Loaded TP WindowsClientTargetPlatform
[2017.01.18-06.58.20:009][  0]LogTemp:Display: Loaded TP WindowsNoEditorTargetPlatform
[2017.01.18-06.58.20:028][  0]LogTemp:Display: Loaded TP WindowsServerTargetPlatform
[2017.01.18-06.58.20:048][  0]LogTemp:Display: Loaded TP WindowsTargetPlatform
[2017.01.18-06.58.20:067][  0]LogTemp:Display: Loaded TP AndroidTargetPlatform
[2017.01.18-06.58.20:085][  0]LogTemp:Display: Loaded TP Android_ASTCTargetPlatform
[2017.01.18-06.58.20:102][  0]LogTemp:Display: Loaded TP Android_ATCTargetPlatform
[2017.01.18-06.58.20:119][  0]LogTemp:Display: Loaded TP Android_DXTTargetPlatform
[2017.01.18-06.58.20:136][  0]LogTemp:Display: Loaded TP Android_ETC1TargetPlatform
[2017.01.18-06.58.20:154][  0]LogTemp:Display: Loaded TP Android_ETC2TargetPlatform
[2017.01.18-06.58.20:189][  0]LogTemp:Display: Loaded TP Android_MultiTargetPlatform
[2017.01.18-06.58.20:189][  0]LogTemp:Display: Loaded TP Android_PVRTCTargetPlatform
[2017.01.18-06.58.20:200][  0]LogTemp:Display: Loaded TP HTML5TargetPlatform
[2017.01.18-06.58.20:259][  0]LogTemp:Display: Loaded TP IOSTargetPlatform
[2017.01.18-06.58.20:275][  0]LogTemp:Display: Loaded TP LinuxNoEditorTargetPlatform
[2017.01.18-06.58.20:291][  0]LogTemp:Display: Loaded TP LinuxServerTargetPlatform
[2017.01.18-06.58.20:310][  0]LogTemp:Display: Loaded TP LinuxTargetPlatform
[2017.01.18-06.58.20:310][  0]LogTargetPlatformManager:Display: Building Assets For Windows
[2017.01.18-06.58.20:877][  0]LogDerivedDataCache:Display: Max Cache Size: 512 MB
[2017.01.18-06.58.21:228][  0]LogDerivedDataCache: Loaded boot cache 0.35s 41MB C:/Users/尚輝/AppData/Local/UnrealEngine/4.10/DerivedDataCache/Boot.ddc.
[2017.01.18-06.58.21:228][  0]LogDerivedDataCache:Display: Loaded Boot cache: C:/Users/尚輝/AppData/Local/UnrealEngine/4.10/DerivedDataCache/Boot.ddc
[2017.01.18-06.58.21:228][  0]LogDerivedDataCache: FDerivedDataBackendGraph:  Pak pak cache file ../../../../GitHub/proenKaiVer.2/MyProject6/DerivedDataCache/DDC.ddp not found, will not use a pak cache.
[2017.01.18-06.58.21:228][  0]LogDerivedDataCache: Unable to find inner node Pak for hierarchical cache Hierarchy.
[2017.01.18-06.58.21:228][  0]LogDerivedDataCache: FDerivedDataBackendGraph:  CompressedPak pak cache file ../../../../GitHub/proenKaiVer.2/MyProject6/DerivedDataCache/Compressed.ddp not found, will not use a pak cache.
[2017.01.18-06.58.21:228][  0]LogDerivedDataCache: Unable to find inner node CompressedPak for hierarchical cache Hierarchy.
[2017.01.18-06.58.21:360][  0]LogDerivedDataCache:Display: Pak cache opened for reading ../../../Engine/DerivedDataCache/Compressed.ddp.
[2017.01.18-06.58.21:373][  0]LogDerivedDataCache: Using Local data cache path C:/Users/尚輝/AppData/Local/UnrealEngine/Common/DerivedDataCache: Writable
[2017.01.18-06.58.22:079][  0]LogInit: Selected Device Profile: [Windows]
[2017.01.18-06.58.22:083][  0]LogContentStreaming: Texture pool size is 0.000000MB
[2017.01.18-06.58.22:279][  0]LogMeshUtilities: No automatic mesh reduction module available
[2017.01.18-06.58.22:279][  0]LogMeshUtilities: No automatic mesh merging module available
[2017.01.18-06.58.22:895][  0]LogInit: WinSock: version 1.1 (2.2), MaxSocks=32767, MaxUdp=65467
[2017.01.18-06.58.26:697][  0]UdpMessaging: Initializing bridge on interface 0.0.0.0:0 to multicast group 230.0.0.1:6666.
[2017.01.18-06.58.27:072][  0]LogAssetRegistry: FAssetRegistry took 0.0113 seconds to start up
[2017.01.18-06.58.27:661][  0]SourceControl: 情報 ソースコントロールは無効です
[2017.01.18-06.58.30:109][  0]LogObj: 28633 objects as part of root set at end of initial load.
[2017.01.18-06.58.30:109][  0]LogUObjectAllocator: 6099744 out of 0 bytes used by permanent object pool.
[2017.01.18-06.58.30:321][  0]LogEngine: Initializing Engine...
[2017.01.18-06.58.30:331][  0]LogHMD: Can't find Oculus library dev build: is proper Runtime installed? Version: 0.8.0.0
[2017.01.18-06.58.30:344][  0]LogHMD: SteamVR failed to initialize.  Err: 110
[2017.01.18-06.58.30:620][  0]LogAIModule: Creating AISystem for world NewWorld
[2017.01.18-06.58.30:632][  0]LogInit: XAudio2 using 'スピーカー (Realtek High Definition Audio)' : 2 channels at 48 kHz using 32 bits per sample (channel mask 0x3)
[2017.01.18-06.58.30:733][  0]LogInit: FAudioDevice initialized.
[2017.01.18-06.58.30:770][  0]LogDerivedDataCache: Saved boot cache 0.04s 41MB C:/Users/尚輝/AppData/Local/UnrealEngine/4.10/DerivedDataCache/Boot.ddc.
[2017.01.18-06.58.30:778][  0]LogInit: Texture streaming: Enabled
[2017.01.18-06.58.30:806][  0]LogAnalytics: Creating configured Analytics provider AnalyticsET
[2017.01.18-06.58.30:806][  0]LogAnalytics: [UEEditor.Rocket.Release] APIServer = http://et2.epicgames.com/ET2/. AppVersion = 4.10.4-2872498+++depot+UE4-Releases+4.10
[2017.01.18-06.58.30:807][  0]LogAnalytics: [UEEditor.Rocket.Release] SetUserId e19614114551d04f08342ab32a95b2fd|2751477a37344b7f8b44e1798c98137e|a80dc2df-bdd1-41cc-80a5-3f69f31e92f6
[2017.01.18-06.58.30:807][  0]LogAnalytics: [UEEditor.Rocket.Release] AnalyticsET::StartSession
[2017.01.18-06.58.30:835][  0]LogWindowsTextInputMethodSystem:Display: IME system now activated using TSF (Google 日本語入力).
[2017.01.18-06.58.31:596][  0]LogInit: Transaction tracking system initialized
[2017.01.18-06.58.31:779][  0]BlueprintLog: New page: エディタの読み込み
[2017.01.18-06.58.32:682][  0]LocalizationService: 情報 ローカライズのサービスが無効になりました
[2017.01.18-06.58.33:338][  0]LogConsoleResponse:Display: 
[2017.01.18-06.58.33:582][  0]LogCook:Display: Done creating registry. It took  0.00s.
[2017.01.18-06.58.34:493][  0]LogFileCache: Scanning file cache for directory 'C:/Users/尚輝/Documents/GitHub/proenKaiVer.2/MyProject6/Content/' took 0.02s
[2017.01.18-06.58.34:494][  0]Cmd: MAP LOAD FILE="../../../../GitHub/proenKaiVer.2/MyProject6/Content/ThirdPersonBP/Maps/ThirdPersonExampleMap.umap" TEMPLATE=0 SHOWPROGRESS=1 FEATURELEVEL=3
[2017.01.18-06.58.34:494][  0]LightingResults: New page: ライティングのビルド
[2017.01.18-06.58.34:499][  0]MapCheck: New page: マップをチェック
[2017.01.18-06.58.34:499][  0]LightingResults: New page: <何も選択されていません>
[2017.01.18-06.58.34:527][  0]LogParticles: Destroying 0 GPU particle simulations for FXSystem 0x000002B47B823740
[2017.01.18-06.58.35:925][  0]LogMaterial: Missing cached shader map for material yellow2, compiling. 
[2017.01.18-06.58.35:976][  0]LogMaterial: Missing cached shader map for material yellow, compiling. 
[2017.01.18-06.58.35:991][  0]LogMaterial: Missing cached shader map for material phong9, compiling. 
[2017.01.18-06.58.36:004][  0]LogMaterial: Missing cached shader map for material phong8, compiling. 
[2017.01.18-06.58.36:018][  0]LogMaterial: Missing cached shader map for material phong7, compiling. 
[2017.01.18-06.58.36:031][  0]LogMaterial: Missing cached shader map for material phong6, compiling. 
[2017.01.18-06.58.36:058][  0]LogMaterial: Missing cached shader map for material phong5, compiling. 
[2017.01.18-06.58.36:071][  0]LogMaterial: Missing cached shader map for material phong4, compiling. 
[2017.01.18-06.58.36:084][  0]LogMaterial: Missing cached shader map for material phong3, compiling. 
[2017.01.18-06.58.36:096][  0]LogMaterial: Missing cached shader map for material phong2, compiling. 
[2017.01.18-06.58.36:115][  0]LogMaterial: Missing cached shader map for material phong10, compiling. 
[2017.01.18-06.58.36:126][  0]LogMaterial: Missing cached shader map for material phong1, compiling. 
[2017.01.18-06.58.36:139][  0]LogMaterial: Missing cached shader map for material lambert9, compiling. 
[2017.01.18-06.58.36:151][  0]LogMaterial: Missing cached shader map for material lambert8, compiling. 
[2017.01.18-06.58.36:162][  0]LogMaterial: Missing cached shader map for material lambert7, compiling. 
[2017.01.18-06.58.36:180][  0]LogMaterial: Missing cached shader map for material lambert6, compiling. 
[2017.01.18-06.58.36:192][  0]LogMaterial: Missing cached shader map for material lambert5, compiling. 
[2017.01.18-06.58.36:204][  0]LogMaterial: Missing cached shader map for material lambert4, compiling. 
[2017.01.18-06.58.36:217][  0]LogMaterial: Missing cached shader map for material lambert3, compiling. 
[2017.01.18-06.58.36:243][  0]LogStaticMesh: スタティックメッシュ SM_ItemTestMesh をビルド中...
[2017.01.18-06.58.38:323][  0]LogStaticMesh: Built static mesh [2.086637.2s] /Game/Geometry/Meshes/SM_ItemTestMesh.SM_ItemTestMesh
[2017.01.18-06.58.38:469][  0]LogMaterial: Missing cached shader map for material M_RED, compiling. 
[2017.01.18-06.58.38:501][  0]LogMaterial: Missing cached shader map for material M_GREEN, compiling. 
[2017.01.18-06.58.38:524][  0]LogMaterial: Missing cached shader map for material M_BLUE, compiling. 
[2017.01.18-06.58.39:272][  0]LogTexture:Display: テクスチャをビルド中: HQ_Lightmap1_1 (AutoDXT)
[2017.01.18-06.58.40:316][  0]LogTexture:Display: テクスチャをビルド中: HQ_Lightmap1_2 (AutoDXT)
[2017.01.18-06.58.40:910][  0]LogTexture:Display: テクスチャをビルド中: HQ_Lightmap1_3 (AutoDXT)
[2017.01.18-06.58.41:006][  0]LogTexture:Display: テクスチャをビルド中: HQ_Lightmap1_4 (AutoDXT)
[2017.01.18-06.58.41:084][  0]LogTexture:Display: テクスチャをビルド中: HQ_Lightmap1_5 (AutoDXT)
[2017.01.18-06.58.41:209][  0]LogTexture:Display: テクスチャをビルド中: HQ_Lightmap1_6 (AutoDXT)
[2017.01.18-06.58.41:228][  0]LogTexture:Display: テクスチャをビルド中: LQ_Lightmap_0_1 (DXT1)
[2017.01.18-06.58.41:539][  0]LogTexture:Display: テクスチャをビルド中: LQ_Lightmap_0_2 (DXT1)
[2017.01.18-06.58.41:782][  0]LogTexture:Display: テクスチャをビルド中: LQ_Lightmap_0_3 (DXT1)
[2017.01.18-06.58.41:824][  0]LogTexture:Display: テクスチャをビルド中: LQ_Lightmap_0_4 (DXT1)
[2017.01.18-06.58.41:866][  0]LogTexture:Display: テクスチャをビルド中: LQ_Lightmap_0_5 (DXT1)
[2017.01.18-06.58.41:907][  0]LogTexture:Display: テクスチャをビルド中: LQ_Lightmap_0_6 (DXT1)
[2017.01.18-06.58.41:924][  0]LogTexture:Display: テクスチャをビルド中: SkyOcclusion0_1 (AutoDXT)
[2017.01.18-06.58.42:391][  0]LogTexture:Display: テクスチャをビルド中: SkyOcclusion0_2 (AutoDXT)
[2017.01.18-06.58.42:639][  0]LogTexture:Display: テクスチャをビルド中: SkyOcclusion0_3 (AutoDXT)
[2017.01.18-06.58.42:689][  0]LogTexture:Display: テクスチャをビルド中: SkyOcclusion0_4 (AutoDXT)
[2017.01.18-06.58.42:741][  0]LogTexture:Display: テクスチャをビルド中: SkyOcclusion0_5 (AutoDXT)
[2017.01.18-06.58.42:793][  0]LogTexture:Display: テクスチャをビルド中: SkyOcclusion0_6 (AutoDXT)
[2017.01.18-06.58.42:798][  0]LogTexture:Display: テクスチャをビルド中: ShadowMapTexture2D_10 (G8)
[2017.01.18-06.58.42:805][  0]LogTexture:Display: テクスチャをビルド中: ShadowMapTexture2D_11 (G8)
[2017.01.18-06.58.42:809][  0]LogTexture:Display: テクスチャをビルド中: ShadowMapTexture2D_6 (G8)
[2017.01.18-06.58.42:843][  0]LogTexture:Display: テクスチャをビルド中: ShadowMapTexture2D_7 (G8)
[2017.01.18-06.58.42:876][  0]LogTexture:Display: テクスチャをビルド中: ShadowMapTexture2D_8 (G8)
[2017.01.18-06.58.42:886][  0]LogTexture:Display: テクスチャをビルド中: ShadowMapTexture2D_9 (G8)
[2017.01.18-06.58.42:921][  0]LogStaticMesh: スタティックメッシュ Ver3本編ステージ をビルド中...
[2017.01.18-06.58.52:424][  0]LogStaticMesh: Built static mesh [9.503173.2s] /Game/map/Ver3本編ステージ.Ver3本編ステージ
[2017.01.18-06.58.52:450][  0]LogMaterial: Missing cached shader map for material lambert2, compiling. 
[2017.01.18-06.58.52:469][  0]LogMaterial: Missing cached shader map for material lambert18, compiling. 
[2017.01.18-06.58.52:488][  0]LogMaterial: Missing cached shader map for material lambert17, compiling. 
[2017.01.18-06.58.52:516][  0]LogMaterial: Missing cached shader map for material lambert16, compiling. 
[2017.01.18-06.58.52:529][  0]LogMaterial: Missing cached shader map for material lambert15, compiling. 
[2017.01.18-06.58.52:541][  0]LogMaterial: Missing cached shader map for material lambert14, compiling. 
[2017.01.18-06.58.52:558][  0]LogMaterial: Missing cached shader map for material lambert13, compiling. 
[2017.01.18-06.58.52:574][  0]LogMaterial: Missing cached shader map for material lambert12, compiling. 
[2017.01.18-06.58.52:602][  0]LogMaterial: Missing cached shader map for material lambert11, compiling. 
[2017.01.18-06.58.52:617][  0]LogMaterial: Missing cached shader map for material lambert10, compiling. 
[2017.01.18-06.58.52:630][  0]LogMaterial: Missing cached shader map for material lambert1, compiling. 
[2017.01.18-06.58.52:643][  0]LogMaterial: Missing cached shader map for material flamecolor2, compiling. 
[2017.01.18-06.58.52:656][  0]LogMaterial: Missing cached shader map for material flamecolor, compiling. 
[2017.01.18-06.58.52:669][  0]LogMaterial: Missing cached shader map for material blinn2, compiling. 
[2017.01.18-06.58.52:681][  0]LogMaterial: Missing cached shader map for material blinn1, compiling. 
[2017.01.18-06.58.55:508][  0]LogAIModule: Creating AISystem for world ThirdPersonExampleMap
[2017.01.18-06.58.55:605][  0]LogEditorServer: Finished looking for orphan Actors (0.000 secs)
[2017.01.18-06.58.55:611][  0]Cmd: MAP CHECKDEP NOCLEARLOG
[2017.01.18-06.58.55:813][  0]MapCheck: 情報 マップチェックが完了: 0 エラー、 0 警告、完了に 202.174ミリ秒かかりました。
[2017.01.18-06.58.55:815][  0]LogFileHelpers: Loading map 'ThirdPersonExampleMap' took 21.321
[2017.01.18-06.58.56:055][  0]LogCollectionManager: Loaded 0 collections in 0.003283 seconds
[2017.01.18-06.58.56:100][  0]LogFileCache: Scanning file cache for directory 'C:/Users/尚輝/Documents/GitHub/proenKaiVer.2/MyProject6/Saved/Collections/' took 0.01s
[2017.01.18-06.58.56:101][  0]LogFileCache: Scanning file cache for directory 'C:/Users/尚輝/Documents/GitHub/proenKaiVer.2/MyProject6/Content/Developers/尚輝/Collections/' took 0.01s
[2017.01.18-06.58.56:101][  0]LogFileCache: Scanning file cache for directory 'C:/Users/尚輝/Documents/GitHub/proenKaiVer.2/MyProject6/Content/Collections/' took 0.01s
[2017.01.18-06.58.56:101][  0]LogCollectionManager: Rebuilt the GUID cache for 0 collections in 0.000005 seconds
[2017.01.18-06.58.56:116][  0]LogContentBrowser: Native class hierarchy populated in 0.0154 seconds. Added 1893 classes and 338 folders.
[2017.01.18-06.58.56:127][  0]LogContentBrowser: Native class hierarchy updated for 'WidgetCarousel' in 0.0006 seconds. Added 0 classes and 0 folders.
[2017.01.18-06.58.56:419][  0]LogContentBrowser: Native class hierarchy updated for 'AddContentDialog' in 0.0007 seconds. Added 0 classes and 0 folders.
[2017.01.18-06.58.56:473][  0]LogContentBrowser: Native class hierarchy updated for 'SceneOutliner' in 0.0007 seconds. Added 1 classes and 2 folders.
[2017.01.18-06.58.56:557][  0]LogCrashTracker: Crashtracker disabled due to settings.
[2017.01.18-06.58.56:568][  0]LogUObjectGlobals:Warning: オブジェクト 'Class なし.' が見つかりませんでした
[2017.01.18-06.58.56:592][  0]LogLoad: Full Startup: 43.39 seconds (BP compile: 0.45 seconds)
[2017.01.18-06.58.56:623][  0]LogOcInput: Can't find Oculus library dev build: is proper Runtime installed? Version: 0.8.0.0
[2017.01.18-06.58.56:782][  0]SourceControl: 情報 On branch master
[2017.01.18-06.58.56:782][  0]SourceControl: 情報 Your branch is up-to-date with 'origin/master'.
[2017.01.18-06.58.56:782][  0]SourceControl: 情報 Changes not staged for commit:
[2017.01.18-06.58.56:782][  0]SourceControl: 情報   (use "git add <file>..." to update what will be committed)
[2017.01.18-06.58.56:782][  0]SourceControl: 情報   (use "git checkout -- <file>..." to discard changes in working directory)
[2017.01.18-06.58.56:782][  0]SourceControl: 情報 	modified:   MyProject6/Intermediate/CachedAssetRegistry.bin
[2017.01.18-06.58.56:782][  0]SourceControl: 情報 	modified:   MyProject6/Intermediate/Config/CoalescedSourceConfigs/Engine.ini
[2017.01.18-06.58.56:782][  0]SourceControl: 情報 	modified:   MyProject6/Intermediate/Config/CoalescedSourceConfigs/Game.ini
[2017.01.18-06.58.56:782][  0]SourceControl: 情報 	modified:   MyProject6/Saved/Config/Windows/Editor.ini
[2017.01.18-06.58.56:782][  0]SourceControl: 情報 	modified:   MyProject6/Saved/Config/Windows/EditorPerProjectUserSettings.ini
[2017.01.18-06.58.56:782][  0]SourceControl: 情報 	modified:   MyProject6/Saved/Config/Windows/Engine.ini
[2017.01.18-06.58.56:782][  0]SourceControl: 情報 	modified:   MyProject6/Saved/Logs/MyProject6.log
[2017.01.18-06.58.56:782][  0]SourceControl: 情報 Untracked files:
[2017.01.18-06.58.56:782][  0]SourceControl: 情報   (use "git add <file>..." to include in what will be committed)
[2017.01.18-06.58.56:782][  0]SourceControl: 情報 	MyProject6/Saved/Logs/MyProject6-backup-2017.01.18-15.58.16.log
[2017.01.18-06.58.56:782][  0]SourceControl: 情報 no changes added to commit (use "git add" and/or "git commit -a")
[2017.01.18-06.58.56:783][  0]LogContentStreaming: Texture pool size now 400 MB
[2017.01.18-06.58.57:064][  0]LogRenderer: Reallocating scene render targets to support 972x456 (Frame:2).
[2017.01.18-06.58.59:162][ 11]LogAssetRegistry: Asset discovery search completed in 32.1011 seconds
[2017.01.18-06.58.59:162][ 11]LogCollectionManager: Rebuilt the object cache for 0 collections in 0.000001 seconds (found 0 objects)
[2017.01.18-06.58.59:162][ 11]LogCollectionManager: Fixed up redirectors for 0 collections in 0.000101 seconds (updated 0 objects)
[2017.01.18-06.59.07:396][166]LogWindowsTextInputMethodSystem:Display: IME system now activated using TSF (Google 日本語入力).
[2017.01.18-06.59.07:808][167]Cmd: QUIT_EDITOR
[2017.01.18-06.59.08:499][167]LogExit: Preparing to exit.
[2017.01.18-06.59.08:823][167]LogExit: Editor shut down
[2017.01.18-06.59.08:824][167]LogExit: Transaction tracking system shut down
[2017.01.18-06.59.08:840][167]LogParticles: Destroying 0 GPU particle simulations for FXSystem 0x000002B412155DA0
[2017.01.18-06.59.08:842][167]LogParticles: Destroying 0 GPU particle simulations for FXSystem 0x000002B41272B880
[2017.01.18-06.59.08:842][167]LogParticles: Destroying 0 GPU particle simulations for FXSystem 0x000002B41F9F8CC0
[2017.01.18-06.59.08:842][167]LogParticles: Destroying 0 GPU particle simulations for FXSystem 0x000002B41FAE5F80
[2017.01.18-06.59.09:150][167]LogExit: Object subsystem successfully closed.
[2017.01.18-06.59.09:177][167]LogD3D11RHI: Shutdown
[2017.01.18-06.59.09:177][167]LogD3D11RHI: CleanupD3DDevice
[2017.01.18-06.59.09:253][167]LogD3D11RHI: ~FD3D11DynamicRHI
[2017.01.18-06.59.09:301][167]LogModuleManager: Shutting down and abandoning module CrashTracker (198)
[2017.01.18-06.59.09:301][167]LogModuleManager: Shutting down and abandoning module SceneOutliner (197)
[2017.01.18-06.59.09:301][167]LogModuleManager: Shutting down and abandoning module SuperSearch (196)
[2017.01.18-06.59.09:301][167]LogModuleManager: Shutting down and abandoning module WidgetCarousel (195)
[2017.01.18-06.59.09:301][167]LogModuleManager: Shutting down and abandoning module AddContentDialog (194)
[2017.01.18-06.59.09:304][167]LogModuleManager: Shutting down and abandoning module EditorWidgets (193)
[2017.01.18-06.59.09:304][167]LogModuleManager: Shutting down and abandoning module CollectionManager (192)
[2017.01.18-06.59.09:304][167]LogModuleManager: Shutting down and abandoning module StatsViewer (191)
[2017.01.18-06.59.09:304][167]LogModuleManager: Shutting down and abandoning module FoliageEdit (190)
[2017.01.18-06.59.09:305][167]LogModuleManager: Shutting down and abandoning module LandscapeEditor (189)
[2017.01.18-06.59.09:305][167]LogModuleManager: Shutting down and abandoning module ActorPickerMode (188)
[2017.01.18-06.59.09:305][167]LogModuleManager: Shutting down and abandoning module GeometryMode (187)
[2017.01.18-06.59.09:305][167]LogModuleManager: Shutting down and abandoning module TextureAlignMode (186)
[2017.01.18-06.59.09:305][167]LogModuleManager: Shutting down and abandoning module BspMode (185)
[2017.01.18-06.59.09:305][167]LogModuleManager: Shutting down and abandoning module PlacementMode (184)
[2017.01.18-06.59.09:305][167]LogModuleManager: Shutting down and abandoning module AutomationWorker (183)
[2017.01.18-06.59.09:305][167]LogModuleManager: Shutting down and abandoning module CharacterAI (182)
[2017.01.18-06.59.09:305][167]LogModuleManager: Shutting down and abandoning module SmartSnapping (181)
[2017.01.18-06.59.09:305][167]LogModuleManager: Shutting down and abandoning module ViewportSnapping (180)
[2017.01.18-06.59.09:305][167]LogModuleManager: Shutting down and abandoning module LogVisualizer (179)
[2017.01.18-06.59.09:306][167]LogModuleManager: Shutting down and abandoning module GameProjectGeneration (178)
[2017.01.18-06.59.09:307][167]LogModuleManager: Shutting down and abandoning module IntroTutorials (177)
[2017.01.18-06.59.09:308][167]LogModuleManager: Shutting down and abandoning module EditorLiveStreaming (176)
[2017.01.18-06.59.09:308][167]LogModuleManager: Shutting down and abandoning module IOSPlatformEditor (175)
[2017.01.18-06.59.09:308][167]LogModuleManager: Shutting down and abandoning module HTML5PlatformEditor (174)
[2017.01.18-06.59.09:308][167]LogModuleManager: Shutting down and abandoning module AndroidDeviceDetection (173)
[2017.01.18-06.59.09:971][167]LogModuleManager: Shutting down and abandoning module AndroidPlatformEditor (172)
[2017.01.18-06.59.09:971][167]LogModuleManager: Shutting down and abandoning module IOSRuntimeSettings (171)
[2017.01.18-06.59.09:971][167]LogModuleManager: Shutting down and abandoning module AndroidRuntimeSettings (170)
[2017.01.18-06.59.09:971][167]LogModuleManager: Shutting down and abandoning module MergeActors (169)
[2017.01.18-06.59.09:972][167]LogModuleManager: Shutting down and abandoning module SizeMap (168)
[2017.01.18-06.59.09:972][167]LogModuleManager: Shutting down and abandoning module TreeMap (167)
[2017.01.18-06.59.09:972][167]LogModuleManager: Shutting down and abandoning module ReferenceViewer (166)
[2017.01.18-06.59.09:972][167]LogModuleManager: Shutting down and abandoning module LocalizationService (165)
[2017.01.18-06.59.09:972][167]LogModuleManager: Shutting down and abandoning module LocalizationDashboard (164)
[2017.01.18-06.59.09:972][167]LogModuleManager: Shutting down and abandoning module HardwareTargeting (163)
[2017.01.18-06.59.09:972][167]LogModuleManager: Shutting down and abandoning module DeviceProfileEditor (162)
[2017.01.18-06.59.09:972][167]LogModuleManager: Shutting down and abandoning module UndoHistory (161)
[2017.01.18-06.59.09:972][167]LogModuleManager: Shutting down and abandoning module GameplayTagsEditor (160)
[2017.01.18-06.59.09:972][167]LogModuleManager: Shutting down and abandoning module UserFeedback (159)
[2017.01.18-06.59.09:972][167]LogModuleManager: Shutting down and abandoning module XmlParser (158)
[2017.01.18-06.59.09:972][167]LogModuleManager: Shutting down and abandoning module Blutility (157)
[2017.01.18-06.59.09:972][167]LogModuleManager: Shutting down and abandoning module ProjectTargetPlatformEditor (156)
[2017.01.18-06.59.09:973][167]LogModuleManager: Shutting down and abandoning module ProjectSettingsViewer (155)
[2017.01.18-06.59.09:973][167]LogModuleManager: Shutting down and abandoning module InputBindingEditor (154)
[2017.01.18-06.59.09:973][167]LogModuleManager: Shutting down and abandoning module EditorSettingsViewer (153)
[2017.01.18-06.59.09:973][167]LogModuleManager: Shutting down and abandoning module SettingsEditor (152)
[2017.01.18-06.59.09:974][167]LogModuleManager: Shutting down and abandoning module ProjectLauncher (151)
[2017.01.18-06.59.09:974][167]LogModuleManager: Shutting down and abandoning module SessionFrontend (150)
[2017.01.18-06.59.09:974][167]LogModuleManager: Shutting down and abandoning module ProfilerClient (149)
[2017.01.18-06.59.09:974][167]LogModuleManager: Shutting down and abandoning module TargetDeviceServices (148)
[2017.01.18-06.59.09:974][167]LogModuleManager: Shutting down and abandoning module DeviceManager (147)
[2017.01.18-06.59.09:974][167]LogModuleManager: Shutting down and abandoning module AutomationController (146)
[2017.01.18-06.59.09:974][167]LogModuleManager: Shutting down and abandoning module AutomationWindow (145)
[2017.01.18-06.59.09:974][167]LogModuleManager: Shutting down and abandoning module Layers (144)
[2017.01.18-06.59.09:974][167]LogModuleManager: Shutting down and abandoning module ComponentVisualizers (143)
[2017.01.18-06.59.09:974][167]LogModuleManager: Shutting down and abandoning module DetailCustomizations (142)
[2017.01.18-06.59.09:976][167]LogModuleManager: Shutting down and abandoning module PackagesDialog (141)
[2017.01.18-06.59.09:977][167]LogModuleManager: Shutting down and abandoning module Persona (140)
[2017.01.18-06.59.09:977][167]LogModuleManager: Shutting down and abandoning module Kismet (139)
[2017.01.18-06.59.09:977][167]LogModuleManager: Shutting down and abandoning module GraphEditor (138)
[2017.01.18-06.59.09:981][167]LogModuleManager: Shutting down and abandoning module ClassViewer (137)
[2017.01.18-06.59.09:982][167]LogModuleManager: Shutting down and abandoning module Toolbox (136)
[2017.01.18-06.59.09:982][167]LogModuleManager: Shutting down and abandoning module ModuleUI (135)
[2017.01.18-06.59.09:982][167]LogModuleManager: Shutting down and abandoning module MovieSceneTools (134)
[2017.01.18-06.59.09:982][167]LogModuleManager: Shutting down and abandoning module OutputLog (133)
[2017.01.18-06.59.09:982][167]LogModuleManager: Shutting down and abandoning module GammaUI (132)
[2017.01.18-06.59.09:982][167]LogModuleManager: Shutting down and abandoning module Documentation (131)
[2017.01.18-06.59.09:982][167]LogModuleManager: Shutting down and abandoning module GameLiveStreaming (130)
[2017.01.18-06.59.09:982][167]LogModuleManager: Shutting down and abandoning module StreamingPauseRendering (129)
[2017.01.18-06.59.09:982][167]LogModuleManager: Shutting down and abandoning module AnalyticsET (128)
[2017.01.18-06.59.09:982][167]LogModuleManager: Shutting down and abandoning module Analytics (127)
[2017.01.18-06.59.09:982][167]LogModuleManager: Shutting down and abandoning module AITestSuite (126)
[2017.01.18-06.59.09:982][167]LogModuleManager: Shutting down and abandoning module GameplayDebugger (125)
[2017.01.18-06.59.09:982][167]LogModuleManager: Shutting down and abandoning module AIModule (124)
[2017.01.18-06.59.09:983][167]LogModuleManager: Shutting down and abandoning module ProfilerService (123)
[2017.01.18-06.59.10:114][167]LogModuleManager: Shutting down and abandoning module TaskGraph (122)
[2017.01.18-06.59.10:114][167]LogModuleManager: Shutting down and abandoning module SlateRemote (121)
[2017.01.18-06.59.10:114][167]LogModuleManager: Shutting down and abandoning module SteamVRController (120)
[2017.01.18-06.59.10:114][167]LogModuleManager: Shutting down and abandoning module SteamVR (119)
[2017.01.18-06.59.10:114][167]LogModuleManager: Shutting down and abandoning module ProceduralMeshComponent (118)
[2017.01.18-06.59.10:114][167]LogModuleManager: Shutting down and abandoning module OculusLibrary (117)
[2017.01.18-06.59.10:114][167]LogModuleManager: Shutting down and abandoning module OculusInput (116)
[2017.01.18-06.59.10:114][167]LogModuleManager: Shutting down and abandoning module LeapMotionController (115)
[2017.01.18-06.59.10:131][167]LogModuleManager: Shutting down and abandoning module CustomMeshComponent (114)
[2017.01.18-06.59.10:131][167]LogModuleManager: Shutting down and abandoning module CableComponent (113)
[2017.01.18-06.59.10:131][167]LogModuleManager: Shutting down and abandoning module ArchVisCharacter (112)
[2017.01.18-06.59.10:131][167]LogModuleManager: Shutting down and abandoning module MessagingDebugger (111)
[2017.01.18-06.59.10:131][167]LogModuleManager: Shutting down and abandoning module MediaPlayerEditor (110)
[2017.01.18-06.59.10:131][167]LogModuleManager: Shutting down and abandoning module HTML5Networking (109)
[2017.01.18-06.59.10:131][167]LogModuleManager: Shutting down and abandoning module SpeedTreeImporter (108)
[2017.01.18-06.59.10:131][167]LogModuleManager: Shutting down and abandoning module PluginBrowser (107)
[2017.01.18-06.59.10:132][167]LogModuleManager: Shutting down and abandoning module EpicSurvey (106)
[2017.01.18-06.59.10:132][167]LogModuleManager: Shutting down and abandoning module DesktopPlatform (105)
[2017.01.18-06.59.10:132][167]LogModuleManager: Shutting down and abandoning module VisualStudioSourceCodeAccess (104)
[2017.01.18-06.59.10:132][167]LogModuleManager: Shutting down and abandoning module UObjectPlugin (103)
[2017.01.18-06.59.10:132][167]LogModuleManager: Shutting down and abandoning module SubversionSourceControl (102)
[2017.01.18-06.59.10:132][167]LogModuleManager: Shutting down and abandoning module PerforceSourceControl (101)
[2017.01.18-06.59.10:132][167]LogModuleManager: Shutting down and abandoning module SourceControl (100)
[2017.01.18-06.59.10:133][167]LogModuleManager: Shutting down and abandoning module GitSourceControl (99)
[2017.01.18-06.59.10:133][167]LogModuleManager: Shutting down and abandoning module LightPropagationVolumeEditor (98)
[2017.01.18-06.59.10:133][167]LogModuleManager: Shutting down and abandoning module PaperTiledImporter (97)
[2017.01.18-06.59.10:133][167]LogModuleManager: Shutting down and abandoning module PaperSpriteSheetImporter (96)
[2017.01.18-06.59.10:133][167]LogModuleManager: Shutting down and abandoning module MeshPaint (95)
[2017.01.18-06.59.10:133][167]LogModuleManager: Shutting down and abandoning module SlateReflector (94)
[2017.01.18-06.59.10:133][167]LogModuleManager: Shutting down and abandoning module HotReload (93)
[2017.01.18-06.59.10:133][167]LogModuleManager: Shutting down and abandoning module MainFrame (92)
[2017.01.18-06.59.10:133][167]LogModuleManager: Shutting down and abandoning module LevelEditor (91)
[2017.01.18-06.59.10:134][167]LogModuleManager: Shutting down and abandoning module DirectoryWatcher (90)
[2017.01.18-06.59.10:136][167]LogModuleManager: Shutting down and abandoning module AssetRegistry (89)
[2017.01.18-06.59.10:196][167]LogModuleManager: Shutting down and abandoning module ContentBrowser (88)
[2017.01.18-06.59.10:197][167]LogModuleManager: Shutting down and abandoning module Paper2DEditor (87)
[2017.01.18-06.59.10:197][167]LogModuleManager: Shutting down and abandoning module UdpMessaging (86)
[2017.01.18-06.59.10:299][167]LogModuleManager: Shutting down and abandoning module LightPropagationVolumeRuntime (85)
[2017.01.18-06.59.10:299][167]LogModuleManager: Shutting down and abandoning module Paper2D (84)
[2017.01.18-06.59.10:299][167]LogModuleManager: Shutting down and abandoning module WindowsMoviePlayer (83)
[2017.01.18-06.59.10:302][167]LogModuleManager: Shutting down and abandoning module Media (82)
[2017.01.18-06.59.10:302][167]LogModuleManager: Shutting down and abandoning module WmfMedia (81)
[2017.01.18-06.59.10:302][167]LogModuleManager: Shutting down and abandoning module OnlineBlueprintSupport (80)
[2017.01.18-06.59.10:302][167]LogModuleManager: Shutting down and abandoning module GameplayTasksEditor (79)
[2017.01.18-06.59.10:302][167]LogModuleManager: Shutting down and abandoning module PropertyEditor (78)
[2017.01.18-06.59.10:303][167]LogModuleManager: Shutting down and abandoning module BehaviorTreeEditor (77)
[2017.01.18-06.59.10:305][167]LogModuleManager: Shutting down and abandoning module FunctionalTesting (76)
[2017.01.18-06.59.10:305][167]LogModuleManager: Shutting down and abandoning module CollisionAnalyzer (75)
[2017.01.18-06.59.10:305][167]LogModuleManager: Shutting down and abandoning module WorkspaceMenuStructure (74)
[2017.01.18-06.59.10:305][167]LogModuleManager: Shutting down and abandoning module MessageLog (73)
[2017.01.18-06.59.10:305][167]LogModuleManager: Shutting down and abandoning module Sequencer (72)
[2017.01.18-06.59.10:307][167]LogModuleManager: Shutting down and abandoning module AssetTools (71)
[2017.01.18-06.59.10:309][167]LogModuleManager: Shutting down and abandoning module UMGEditor (70)
[2017.01.18-06.59.10:310][167]LogModuleManager: Shutting down and abandoning module UMG (69)
[2017.01.18-06.59.10:311][167]LogModuleManager: Shutting down and abandoning module Slate (68)
[2017.01.18-06.59.10:311][167]LogModuleManager: Shutting down and abandoning module EditorStyle (67)
[2017.01.18-06.59.10:314][167]LogModuleManager: Shutting down and abandoning module SessionServices (66)
[2017.01.18-06.59.10:314][167]LogModuleManager: Shutting down and abandoning module SourceCodeAccess (65)
[2017.01.18-06.59.10:314][167]LogModuleManager: Shutting down and abandoning module HeadMountedDisplay (64)
[2017.01.18-06.59.10:314][167]LogModuleManager: Shutting down and abandoning module XAudio2 (63)
[2017.01.18-06.59.10:314][167]LogModuleManager: Shutting down and abandoning module Networking (61)
[2017.01.18-06.59.10:314][167]LogModuleManager: Shutting down and abandoning module Core (60)
[2017.01.18-06.59.10:314][167]LogModuleManager: Shutting down and abandoning module KismetCompiler (59)
[2017.01.18-06.59.10:315][167]LogModuleManager: Shutting down and abandoning module PhysXFormats (58)
[2017.01.18-06.59.10:315][167]LogModuleManager: Shutting down and abandoning module MeshUtilities (57)
[2017.01.18-06.59.10:315][167]LogModuleManager: Shutting down and abandoning module DerivedDataCache (56)
[2017.01.18-06.59.10:617][167]LogDerivedDataCache: Shutdown
[2017.01.18-06.59.10:617][167]LogModuleManager: Shutting down and abandoning module ShaderFormatOpenGL (55)
[2017.01.18-06.59.10:618][167]LogModuleManager: Shutting down and abandoning module ShaderFormatD3D (54)
[2017.01.18-06.59.10:618][167]LogModuleManager: Shutting down and abandoning module MetalShaderFormat (53)
[2017.01.18-06.59.10:619][167]LogModuleManager: Shutting down and abandoning module TextureFormatUncompressed (52)
[2017.01.18-06.59.10:619][167]LogModuleManager: Shutting down and abandoning module TextureFormatPVR (51)
[2017.01.18-06.59.10:620][167]LogModuleManager: Shutting down and abandoning module TextureFormatIntelISPCTexComp (50)
[2017.01.18-06.59.10:620][167]LogModuleManager: Shutting down and abandoning module TextureFormatDXT (49)
[2017.01.18-06.59.10:620][167]LogModuleManager: Shutting down and abandoning module ImageWrapper (48)
[2017.01.18-06.59.10:620][167]LogModuleManager: Shutting down and abandoning module TextureFormatASTC (47)
[2017.01.18-06.59.10:620][167]LogModuleManager: Shutting down and abandoning module TextureFormatAndroid (46)
[2017.01.18-06.59.10:620][167]LogModuleManager: Shutting down and abandoning module AudioFormatOpus (45)
[2017.01.18-06.59.10:620][167]LogModuleManager: Shutting down and abandoning module AudioFormatOgg (44)
[2017.01.18-06.59.10:621][167]LogModuleManager: Shutting down and abandoning module AudioFormatADPCM (43)
[2017.01.18-06.59.10:621][167]LogModuleManager: Shutting down and abandoning module LinuxTargetPlatform (42)
[2017.01.18-06.59.10:621][167]LogModuleManager: Shutting down and abandoning module LinuxServerTargetPlatform (41)
[2017.01.18-06.59.10:622][167]LogModuleManager: Shutting down and abandoning module LinuxNoEditorTargetPlatform (40)
[2017.01.18-06.59.10:622][167]LogModuleManager: Shutting down and abandoning module Messaging (39)
[2017.01.18-06.59.10:622][167]LogModuleManager: Shutting down and abandoning module IOSTargetPlatform (38)
[2017.01.18-06.59.10:622][167]LogModuleManager: Shutting down and abandoning module HTML5TargetPlatform (37)
[2017.01.18-06.59.10:622][167]LogModuleManager: Shutting down and abandoning module Android_PVRTCTargetPlatform (36)
[2017.01.18-06.59.10:622][167]LogModuleManager: Shutting down and abandoning module Android_MultiTargetPlatform (35)
[2017.01.18-06.59.10:622][167]LogModuleManager: Shutting down and abandoning module Android_ETC2TargetPlatform (34)
[2017.01.18-06.59.10:622][167]LogModuleManager: Shutting down and abandoning module Android_ETC1TargetPlatform (33)
[2017.01.18-06.59.10:622][167]LogModuleManager: Shutting down and abandoning module Android_DXTTargetPlatform (32)
[2017.01.18-06.59.10:622][167]LogModuleManager: Shutting down and abandoning module Android_ATCTargetPlatform (31)
[2017.01.18-06.59.10:622][167]LogModuleManager: Shutting down and abandoning module Android_ASTCTargetPlatform (30)
[2017.01.18-06.59.10:622][167]LogModuleManager: Shutting down and abandoning module AndroidTargetPlatform (29)
[2017.01.18-06.59.10:622][167]LogModuleManager: Shutting down and abandoning module WindowsTargetPlatform (28)
[2017.01.18-06.59.10:622][167]LogModuleManager: Shutting down and abandoning module WindowsServerTargetPlatform (27)
[2017.01.18-06.59.10:622][167]LogModuleManager: Shutting down and abandoning module WindowsNoEditorTargetPlatform (26)
[2017.01.18-06.59.10:623][167]LogModuleManager: Shutting down and abandoning module WindowsClientTargetPlatform (25)
[2017.01.18-06.59.10:623][167]LogModuleManager: Shutting down and abandoning module AllDesktopTargetPlatform (24)
[2017.01.18-06.59.10:623][167]LogModuleManager: Shutting down and abandoning module TargetPlatform (23)
[2017.01.18-06.59.10:623][167]LogModuleManager: Shutting down and abandoning module InputCore (22)
[2017.01.18-06.59.10:623][167]LogModuleManager: Shutting down and abandoning module Settings (21)
[2017.01.18-06.59.10:623][167]LogModuleManager: Shutting down and abandoning module OnlineSubsystem (19)
[2017.01.18-06.59.10:623][167]LogModuleManager: Shutting down and abandoning module HTTP (18)
[2017.01.18-06.59.14:940][167]LogModuleManager: Shutting down and abandoning module XMPP (17)
[2017.01.18-06.59.14:941][167]LogModuleManager: Shutting down and abandoning module OculusRift (16)
[2017.01.18-06.59.14:942][167]LogModuleManager: Shutting down and abandoning module ExampleDeviceProfileSelector (15)
[2017.01.18-06.59.14:942][167]LogModuleManager: Shutting down and abandoning module TextureCompressor (14)
[2017.01.18-06.59.14:942][167]LogModuleManager: Shutting down and abandoning module ShaderCore (13)
[2017.01.18-06.59.14:942][167]LogModuleManager: Shutting down and abandoning module Landscape (12)
[2017.01.18-06.59.14:942][167]LogModuleManager: Shutting down and abandoning module SlateRHIRenderer (11)
[2017.01.18-06.59.14:945][167]LogModuleManager: Shutting down and abandoning module OpenGLDrv (10)
[2017.01.18-06.59.14:946][167]LogModuleManager: Shutting down and abandoning module D3D11RHI (9)
[2017.01.18-06.59.14:946][167]LogModuleManager: Shutting down and abandoning module AnimGraphRuntime (8)
[2017.01.18-06.59.14:946][167]LogModuleManager: Shutting down and abandoning module Renderer (7)
[2017.01.18-06.59.14:946][167]LogModuleManager: Shutting down and abandoning module Engine (6)
[2017.01.18-06.59.14:946][167]LogModuleManager: Shutting down and abandoning module CoreUObject (5)
[2017.01.18-06.59.14:946][167]LogModuleManager: Shutting down and abandoning module NetworkFile (4)
[2017.01.18-06.59.14:947][167]LogModuleManager: Shutting down and abandoning module StreamingFile (3)
[2017.01.18-06.59.14:947][167]LogModuleManager: Shutting down and abandoning module SandboxFile (2)
[2017.01.18-06.59.14:947][167]LogModuleManager: Shutting down and abandoning module PakFile (1)
[2017.01.18-06.59.14:950][167]LogExit: Exiting.
[2017.01.18-06.59.14:973][167]Log file closed, 01/18/17 15:59:14
